== F18 start: 25.04.12 / 16:18:05 ==
setovanje ekrana: setovan ekran po rezoluciji
server connection ok: admin / f18_test
home baze: /home/pmirza/.f18/f18_test/
current dbf version:       407
    F18 dbf version:       407
prije synchro RJ / rj cnt = 2 / 0
nakon synchro RJ / rj cnt = 2 / 0
prije synchro OPS / ops cnt = 73 / 0
nakon synchro OPS / ops cnt = 73 / 0
prije synchro POR / por cnt = 3 / 0
nakon synchro POR / por cnt = 3 / 0
prije synchro DEST / dest cnt = 0 / 0
nakon synchro DEST / dest cnt = 0 / 0
prije synchro DOPR / dopr cnt = 11 / 0
nakon synchro DOPR / dopr cnt = 11 / 0
prije synchro KRED / kred cnt = 1 / 0
nakon synchro KRED / kred cnt = 1 / 0
prije synchro ROBA / roba cnt = 13 / 0
nakon synchro ROBA / roba cnt = 13 / 0
prije synchro SAST / sast cnt = 4 / 0
nakon synchro SAST / sast cnt = 4 / 0
prije synchro SIFK / sifk cnt = 36 / 0
nakon synchro SIFK / sifk cnt = 36 / 0
prije synchro SIFV / sifv cnt = 2981 / 25
nakon synchro SIFV / sifv cnt = 2981 / 25
prije synchro TDOK / tdok cnt = 46 / 0
nakon synchro TDOK / tdok cnt = 46 / 0
prije synchro TNAL / tnal cnt = 60 / 0
nakon synchro TNAL / tnal cnt = 60 / 0
prije synchro TRFP / trfp cnt = 532 / 0
nakon synchro TRFP / trfp cnt = 532 / 0
prije synchro ADRES / adres cnt = 0 / 0
nakon synchro ADRES / adres cnt = 0 / 0
prije synchro BANKE / banke cnt = 19 / 0
nakon synchro BANKE / banke cnt = 19 / 0
prije synchro KONTO / konto cnt = 1472 / 0
nakon synchro KONTO / konto cnt = 1472 / 0
prije synchro LD / ld_ld cnt = 0 / 0
nakon synchro LD / ld_ld cnt = 0 / 0
prije synchro LD_RJ / ld_rj cnt = 1 / 0
nakon synchro LD_RJ / ld_rj cnt = 1 / 0
prije synchro LOKAL / lokal cnt = 148 / 0
nakon synchro LOKAL / lokal cnt = 148 / 0
prije synchro K1 / os_k1 cnt = 0 / 0
nakon synchro K1 / os_k1 cnt = 0 / 0
prije synchro OS / os_os cnt = 0 / 0
nakon synchro OS / os_os cnt = 0 / 0
prije synchro PARTN / partn cnt = 7 / 0
nakon synchro PARTN / partn cnt = 7 / 0
prije synchro REFER / refer cnt = 0 / 0
nakon synchro REFER / refer cnt = 0 / 0
prije synchro TIPPR / tippr cnt = 23 / 0
nakon synchro TIPPR / tippr cnt = 23 / 0
prije synchro TRFP2 / trfp2 cnt = 28 / 0
nakon synchro TRFP2 / trfp2 cnt = 28 / 0
prije synchro TRFP3 / trfp3 cnt = 28 / 0
nakon synchro TRFP3 / trfp3 cnt = 28 / 0
prije synchro KBENEF / kbenef cnt = 1 / 0
nakon synchro KBENEF / kbenef cnt = 1 / 0
prije synchro KONCIJ / koncij cnt = 20 / 0
nakon synchro KONCIJ / koncij cnt = 20 / 0
prije synchro PKONTO / pkonto cnt = 0 / 0
nakon synchro PKONTO / pkonto cnt = 0 / 0
prije synchro STRSPR / strspr cnt = 3 / 0
nakon synchro STRSPR / strspr cnt = 3 / 0
prije synchro TARIFA / tarifa cnt = 18 / 0
nakon synchro TARIFA / tarifa cnt = 18 / 0
prije synchro TIPPR2 / tippr2 cnt = 0 / 0
nakon synchro TIPPR2 / tippr2 cnt = 0 / 0
prije synchro VALUTE / valute cnt = 5 / 0
nakon synchro VALUTE / valute cnt = 5 / 0
prije synchro VPOSLA / vposla cnt = 2 / 0
nakon synchro VPOSLA / vposla cnt = 2 / 0
prije synchro VRSTEP / vrstep cnt = 0 / 0
nakon synchro VRSTEP / vrstep cnt = 0 / 0
prije synchro RADN / ld_radn cnt = 0 / 0
nakon synchro RADN / ld_radn cnt = 0 / 0
prije synchro OBJEKTI / objekti cnt = 3 / 0
nakon synchro OBJEKTI / objekti cnt = 3 / 0
prije synchro ODJ / pos_odj cnt = 0 / 0
nakon synchro ODJ / pos_odj cnt = 0 / 0
prije synchro POS / pos_pos cnt = 2 / 0
nakon synchro POS / pos_pos cnt = 2 / 0
prije synchro SII / sii_sii cnt = 0 / 0
nakon synchro SII / sii_sii cnt = 0 / 0
prije synchro KIF / epdv_kif cnt = 0 / 0
nakon synchro KIF / epdv_kif cnt = 0 / 0
prije synchro KUF / epdv_kuf cnt = 0 / 0
nakon synchro KUF / epdv_kuf cnt = 0 / 0
prije synchro PDV / epdv_pdv cnt = 0 / 0
nakon synchro PDV / epdv_pdv cnt = 0 / 0
prije synchro ANAL / fin_anal cnt = 2 / 0
nakon synchro ANAL / fin_anal cnt = 2 / 0
prije synchro BUIZ / fin_buiz cnt = 0 / 0
nakon synchro BUIZ / fin_buiz cnt = 0 / 0
prije synchro FOND / fin_fond cnt = 0 / 0
nakon synchro FOND / fin_fond cnt = 0 / 0
prije synchro FUNK / fin_funk cnt = 0 / 0
nakon synchro FUNK / fin_funk cnt = 0 / 0
prije synchro SINT / fin_sint cnt = 2 / 0
nakon synchro SINT / fin_sint cnt = 2 / 0
prije synchro RADKR / ld_radkr cnt = 0 / 0
nakon synchro RADKR / ld_radkr cnt = 0 / 0
prije synchro AMORT / os_amort cnt = 16 / 0
nakon synchro AMORT / os_amort cnt = 16 / 0
prije synchro PROMJ / os_promj cnt = 0 / 0
nakon synchro PROMJ / os_promj cnt = 0 / 0
prije synchro REVAL / os_reval cnt = 2 / 0
nakon synchro REVAL / os_reval cnt = 2 / 0
prije synchro POS_DOKS / pos_doks cnt = 2 / 0
nakon synchro POS_DOKS / pos_doks cnt = 2 / 0
prije synchro KASE / pos_kase cnt = 0 / 0
nakon synchro KASE / pos_kase cnt = 0 / 0
prije synchro OSOB / pos_osob cnt = 3 / 0
nakon synchro OSOB / pos_osob cnt = 3 / 0
prije synchro FMKRULES / f18_rules cnt = 18 / 0
nakon synchro FMKRULES / f18_rules cnt = 18 / 0
prije synchro FAKT_DOKS / fakt_doks cnt = 2 / 0
nakon synchro FAKT_DOKS / fakt_doks cnt = 2 / 0
prije synchro FAKT / fakt_fakt cnt = 2 / 0
nakon synchro FAKT / fakt_fakt cnt = 2 / 0
prije synchro FTXT / fakt_ftxt cnt = 6 / 0
nakon synchro FTXT / fakt_ftxt cnt = 6 / 0
prije synchro UGOV / fakt_ugov cnt = 0 / 0
nakon synchro UGOV / fakt_ugov cnt = 0 / 0
prije synchro NALOG / fin_nalog cnt = 1 / 0
nakon synchro NALOG / fin_nalog cnt = 1 / 0
prije synchro PAREK / fin_parek cnt = 0 / 0
nakon synchro PAREK / fin_parek cnt = 0 / 0
prije synchro SUBAN / fin_suban cnt = 2 / 0
nakon synchro SUBAN / fin_suban cnt = 2 / 0
prije synchro KALK_DOKS / kalk_doks cnt = 1 / 0
nakon synchro KALK_DOKS / kalk_doks cnt = 1 / 0
prije synchro KALK / kalk_kalk cnt = 1 / 0
nakon synchro KALK / kalk_kalk cnt = 1 / 0
prije synchro PAROBR / ld_parobr cnt = 0 / 0
nakon synchro PAROBR / ld_parobr cnt = 0 / 0
prije synchro RADSAT / ld_radsat cnt = 0 / 0
nakon synchro RADSAT / ld_radsat cnt = 0 / 0
prije synchro STRAD / pos_strad cnt = 3 / 0
nakon synchro STRAD / pos_strad cnt = 3 / 0
prije synchro SII_PROMJ / sii_promj cnt = 0 / 0
nakon synchro SII_PROMJ / sii_promj cnt = 0 / 0
prije synchro FAKT_DOKS2 / fakt_doks2 cnt = 2 / 0
nakon synchro FAKT_DOKS2 / fakt_doks2 cnt = 2 / 0
prije synchro RUGOV / fakt_rugov cnt = 0 / 0
nakon synchro RUGOV / fakt_rugov cnt = 0 / 0
prije synchro ULIMIT / fin_ulimit cnt = 0 / 0
nakon synchro ULIMIT / fin_ulimit cnt = 0 / 0
prije synchro KALK_DOKS2 / kalk_doks2 cnt = 0 / 0
nakon synchro KALK_DOKS2 / kalk_doks2 cnt = 0 / 0
prije synchro NORSIHT / ld_norsiht cnt = 0 / 0
nakon synchro NORSIHT / ld_norsiht cnt = 0 / 0
prije synchro PK_DATA / ld_pk_data cnt = 0 / 0
nakon synchro PK_DATA / ld_pk_data cnt = 0 / 0
prije synchro PK_RADN / ld_pk_radn cnt = 0 / 0
nakon synchro PK_RADN / ld_pk_radn cnt = 0 / 0
prije synchro RADSIHT / ld_radsiht cnt = 0 / 0
nakon synchro RADSIHT / ld_radsiht cnt = 0 / 0
prije synchro TPRSIHT / ld_tprsiht cnt = 0 / 0
nakon synchro TPRSIHT / ld_tprsiht cnt = 0 / 0
prije synchro DOKSPF / pos_dokspf cnt = 2 / 0
nakon synchro DOKSPF / pos_dokspf cnt = 2 / 0
prije synchro PROMVP / pos_promvp cnt = 0 / 0
nakon synchro PROMVP / pos_promvp cnt = 0 / 0
prije synchro SG_KIF / epdv_sg_kif cnt = 0 / 0
nakon synchro SG_KIF / epdv_sg_kif cnt = 0 / 0
prije synchro SG_KUF / epdv_sg_kuf cnt = 0 / 0
nakon synchro SG_KUF / epdv_sg_kuf cnt = 0 / 0
prije synchro GEN_UG / fakt_gen_ug cnt = 0 / 0
nakon synchro GEN_UG / fakt_gen_ug cnt = 0 / 0
prije synchro OBRACUNI / ld_obracuni cnt = 0 / 0
nakon synchro OBRACUNI / ld_obracuni cnt = 0 / 0
prije synchro GEN_UG_P / fakt_gen_ug_p cnt = 0 / 0
nakon synchro GEN_UG_P / fakt_gen_ug_p cnt = 0 / 0
